<?xml version="1.0" encoding="UTF-8"?>
<testsuite xmlns:xsi="http://www.w3.org/2001/XMLSchema-instance" xsi:noNamespaceSchemaLocation="https://maven.apache.org/surefire/maven-surefire-plugin/xsd/surefire-test-report.xsd" name="MyTest" time="0.073" tests="44" errors="0" skipped="0" failures="0">
  <properties>
    <property name="java.specification.version" value="19"/>
    <property name="sun.jnu.encoding" value="UTF-8"/>
    <property name="java.class.path" value="/Users/isabellalinarez/Desktop/ThreeCardPokerServer/target/test-classes:/Users/isabellalinarez/Desktop/ThreeCardPokerServer/target/classes:/Users/isabellalinarez/.m2/repository/org/junit/jupiter/junit-jupiter/5.6.2/junit-jupiter-5.6.2.jar:/Users/isabellalinarez/.m2/repository/org/junit/jupiter/junit-jupiter-api/5.6.2/junit-jupiter-api-5.6.2.jar:/Users/isabellalinarez/.m2/repository/org/apiguardian/apiguardian-api/1.1.0/apiguardian-api-1.1.0.jar:/Users/isabellalinarez/.m2/repository/org/opentest4j/opentest4j/1.2.0/opentest4j-1.2.0.jar:/Users/isabellalinarez/.m2/repository/org/junit/platform/junit-platform-commons/1.6.2/junit-platform-commons-1.6.2.jar:/Users/isabellalinarez/.m2/repository/org/junit/jupiter/junit-jupiter-params/5.6.2/junit-jupiter-params-5.6.2.jar:/Users/isabellalinarez/.m2/repository/org/junit/jupiter/junit-jupiter-engine/5.6.2/junit-jupiter-engine-5.6.2.jar:/Users/isabellalinarez/.m2/repository/org/junit/platform/junit-platform-engine/1.6.2/junit-platform-engine-1.6.2.jar:/Users/isabellalinarez/.m2/repository/org/openjfx/javafx-controls/12.0.1/javafx-controls-12.0.1.jar:/Users/isabellalinarez/.m2/repository/org/openjfx/javafx-controls/12.0.1/javafx-controls-12.0.1-mac.jar:/Users/isabellalinarez/.m2/repository/org/openjfx/javafx-graphics/12.0.1/javafx-graphics-12.0.1.jar:/Users/isabellalinarez/.m2/repository/org/openjfx/javafx-graphics/12.0.1/javafx-graphics-12.0.1-mac.jar:/Users/isabellalinarez/.m2/repository/org/openjfx/javafx-base/12.0.1/javafx-base-12.0.1.jar:/Users/isabellalinarez/.m2/repository/org/openjfx/javafx-base/12.0.1/javafx-base-12.0.1-mac.jar:/Users/isabellalinarez/.m2/repository/org/openjfx/javafx-fxml/12/javafx-fxml-12.jar:/Users/isabellalinarez/.m2/repository/org/openjfx/javafx-fxml/12/javafx-fxml-12-mac.jar:"/>
    <property name="java.vm.vendor" value="Homebrew"/>
    <property name="sun.arch.data.model" value="64"/>
    <property name="java.vendor.url" value="https://github.com/Homebrew/homebrew-core/issues"/>
    <property name="os.name" value="Mac OS X"/>
    <property name="java.vm.specification.version" value="19"/>
    <property name="sun.java.launcher" value="SUN_STANDARD"/>
    <property name="user.country" value="US"/>
    <property name="sun.boot.library.path" value="/usr/local/Cellar/openjdk/19.0.1/libexec/openjdk.jdk/Contents/Home/lib"/>
    <property name="sun.java.command" value="/Users/isabellalinarez/Desktop/ThreeCardPokerServer/target/surefire/surefirebooter14490721293526915211.jar /Users/isabellalinarez/Desktop/ThreeCardPokerServer/target/surefire 2023-04-12T16-48-56_335-jvmRun1 surefire979113315077213089tmp surefire_014668113399341830869tmp"/>
    <property name="http.nonProxyHosts" value="local|*.local|169.254/16|*.169.254/16"/>
    <property name="jdk.debug" value="release"/>
    <property name="surefire.test.class.path" value="/Users/isabellalinarez/Desktop/ThreeCardPokerServer/target/test-classes:/Users/isabellalinarez/Desktop/ThreeCardPokerServer/target/classes:/Users/isabellalinarez/.m2/repository/org/junit/jupiter/junit-jupiter/5.6.2/junit-jupiter-5.6.2.jar:/Users/isabellalinarez/.m2/repository/org/junit/jupiter/junit-jupiter-api/5.6.2/junit-jupiter-api-5.6.2.jar:/Users/isabellalinarez/.m2/repository/org/apiguardian/apiguardian-api/1.1.0/apiguardian-api-1.1.0.jar:/Users/isabellalinarez/.m2/repository/org/opentest4j/opentest4j/1.2.0/opentest4j-1.2.0.jar:/Users/isabellalinarez/.m2/repository/org/junit/platform/junit-platform-commons/1.6.2/junit-platform-commons-1.6.2.jar:/Users/isabellalinarez/.m2/repository/org/junit/jupiter/junit-jupiter-params/5.6.2/junit-jupiter-params-5.6.2.jar:/Users/isabellalinarez/.m2/repository/org/junit/jupiter/junit-jupiter-engine/5.6.2/junit-jupiter-engine-5.6.2.jar:/Users/isabellalinarez/.m2/repository/org/junit/platform/junit-platform-engine/1.6.2/junit-platform-engine-1.6.2.jar:/Users/isabellalinarez/.m2/repository/org/openjfx/javafx-controls/12.0.1/javafx-controls-12.0.1.jar:/Users/isabellalinarez/.m2/repository/org/openjfx/javafx-controls/12.0.1/javafx-controls-12.0.1-mac.jar:/Users/isabellalinarez/.m2/repository/org/openjfx/javafx-graphics/12.0.1/javafx-graphics-12.0.1.jar:/Users/isabellalinarez/.m2/repository/org/openjfx/javafx-graphics/12.0.1/javafx-graphics-12.0.1-mac.jar:/Users/isabellalinarez/.m2/repository/org/openjfx/javafx-base/12.0.1/javafx-base-12.0.1.jar:/Users/isabellalinarez/.m2/repository/org/openjfx/javafx-base/12.0.1/javafx-base-12.0.1-mac.jar:/Users/isabellalinarez/.m2/repository/org/openjfx/javafx-fxml/12/javafx-fxml-12.jar:/Users/isabellalinarez/.m2/repository/org/openjfx/javafx-fxml/12/javafx-fxml-12-mac.jar:"/>
    <property name="sun.cpu.endian" value="little"/>
    <property name="user.home" value="/Users/isabellalinarez"/>
    <property name="user.language" value="en"/>
    <property name="java.specification.vendor" value="Oracle Corporation"/>
    <property name="java.version.date" value="2022-10-18"/>
    <property name="java.home" value="/usr/local/Cellar/openjdk/19.0.1/libexec/openjdk.jdk/Contents/Home"/>
    <property name="file.separator" value="/"/>
    <property name="basedir" value="/Users/isabellalinarez/Desktop/ThreeCardPokerServer"/>
    <property name="java.vm.compressedOopsMode" value="Zero based"/>
    <property name="line.separator" value="&#10;"/>
    <property name="java.vm.specification.vendor" value="Oracle Corporation"/>
    <property name="java.specification.name" value="Java Platform API Specification"/>
    <property name="apple.awt.application.name" value="ForkedBooter"/>
    <property name="surefire.real.class.path" value="/Users/isabellalinarez/Desktop/ThreeCardPokerServer/target/surefire/surefirebooter14490721293526915211.jar"/>
    <property name="sun.management.compiler" value="HotSpot 64-Bit Tiered Compilers"/>
    <property name="ftp.nonProxyHosts" value="local|*.local|169.254/16|*.169.254/16"/>
    <property name="java.runtime.version" value="19.0.1"/>
    <property name="user.name" value="isabellalinarez"/>
    <property name="stdout.encoding" value="UTF-8"/>
    <property name="path.separator" value=":"/>
    <property name="os.version" value="12.6"/>
    <property name="java.runtime.name" value="OpenJDK Runtime Environment"/>
    <property name="file.encoding" value="UTF-8"/>
    <property name="java.vm.name" value="OpenJDK 64-Bit Server VM"/>
    <property name="java.vendor.version" value="Homebrew"/>
    <property name="localRepository" value="/Users/isabellalinarez/.m2/repository"/>
    <property name="java.vendor.url.bug" value="https://github.com/Homebrew/homebrew-core/issues"/>
    <property name="java.io.tmpdir" value="/var/folders/k0/vlkwl65n0jxb_zwpdz3jh_ph0000gn/T/"/>
    <property name="java.version" value="19.0.1"/>
    <property name="user.dir" value="/Users/isabellalinarez/Desktop/ThreeCardPokerServer"/>
    <property name="os.arch" value="x86_64"/>
    <property name="java.vm.specification.name" value="Java Virtual Machine Specification"/>
    <property name="native.encoding" value="UTF-8"/>
    <property name="java.library.path" value="/Users/isabellalinarez/Library/Java/Extensions:/Library/Java/Extensions:/Network/Library/Java/Extensions:/System/Library/Java/Extensions:/usr/lib/java:."/>
    <property name="java.vm.info" value="mixed mode, sharing"/>
    <property name="stderr.encoding" value="UTF-8"/>
    <property name="java.vendor" value="Homebrew"/>
    <property name="java.vm.version" value="19.0.1"/>
    <property name="sun.io.unicode.encoding" value="UnicodeBig"/>
    <property name="socksNonProxyHosts" value="local|*.local|169.254/16|*.169.254/16"/>
    <property name="java.class.version" value="63.0"/>
  </properties>
  <testcase name="testEvalPPWinningsWithFlush" classname="MyTest" time="0.012"/>
  <testcase name="testGetNonPairValue1" classname="MyTest" time="0.002"/>
  <testcase name="testGetNonPairValue2" classname="MyTest" time="0.001"/>
  <testcase name="testEvalPPWinningsWithThreeOfAKind" classname="MyTest" time="0"/>
  <testcase name="threeOfAKindTest1" classname="MyTest" time="0.001"/>
  <testcase name="threeOfAKindTest2" classname="MyTest" time="0.001"/>
  <testcase name="threeOfAKindTest3" classname="MyTest" time="0.002"/>
  <testcase name="pairTest1" classname="MyTest" time="0.001"/>
  <testcase name="pairTest2" classname="MyTest" time="0.001"/>
  <testcase name="pairTest3" classname="MyTest" time="0"/>
  <testcase name="pairTest4" classname="MyTest" time="0"/>
  <testcase name="testCompareHands_PairDraw" classname="MyTest" time="0"/>
  <testcase name="testCompareHands_PlayerNonPairWin" classname="MyTest" time="0"/>
  <testcase name="flushTest1" classname="MyTest" time="0"/>
  <testcase name="flushTest2" classname="MyTest" time="0.001"/>
  <testcase name="flushTest3" classname="MyTest" time="0.001"/>
  <testcase name="flushTest4" classname="MyTest" time="0.001"/>
  <testcase name="flushTest5" classname="MyTest" time="0.001"/>
  <testcase name="straightFlushTest1" classname="MyTest" time="0.001"/>
  <testcase name="straightFlushTest2" classname="MyTest" time="0.001"/>
  <testcase name="straightFlushTest3" classname="MyTest" time="0.001"/>
  <testcase name="testEvalPPWinningsWithNone" classname="MyTest" time="0"/>
  <testcase name="testEvalPPWinningsWithPair" classname="MyTest" time="0.001"/>
  <testcase name="testEvalHandThreeOfKind" classname="MyTest" time="0.001"/>
  <testcase name="testEvalHandNone" classname="MyTest" time="0.001"/>
  <testcase name="testEvalHandPair" classname="MyTest" time="0.001"/>
  <testcase name="testEvalHandFlush" classname="MyTest" time="0"/>
  <testcase name="testCompareHands_Draw" classname="MyTest" time="0"/>
  <testcase name="testGetHighCard1" classname="MyTest" time="0.001"/>
  <testcase name="testGetHighCard2" classname="MyTest" time="0.001"/>
  <testcase name="testGetHighCard3" classname="MyTest" time="0.001"/>
  <testcase name="testCompareHands_PlayerPairWin" classname="MyTest" time="0"/>
  <testcase name="testGetPairValue1" classname="MyTest" time="0"/>
  <testcase name="testGetPairValue2" classname="MyTest" time="0"/>
  <testcase name="testCompareHands_DealerWins" classname="MyTest" time="0"/>
  <testcase name="testEvalHandStrFlush" classname="MyTest" time="0.001"/>
  <testcase name="testEvalHandStraight" classname="MyTest" time="0"/>
  <testcase name="testEvalPPWinningsWithStraightFlush" classname="MyTest" time="0"/>
  <testcase name="testEvalPPWinningsWithStraight" classname="MyTest" time="0"/>
  <testcase name="testCompareHands_PlayerWins" classname="MyTest" time="0.001"/>
  <testcase name="straightTest1" classname="MyTest" time="0"/>
  <testcase name="straightTest2" classname="MyTest" time="0.001"/>
  <testcase name="straightTest3" classname="MyTest" time="0.001"/>
  <testcase name="straightTest4" classname="MyTest" time="0.001"/>
</testsuite>